<?xml version="1.0" encoding="UTF-8"?>
<testsuite xmlns:xsi="http://www.w3.org/2001/XMLSchema-instance" xsi:noNamespaceSchemaLocation="https://maven.apache.org/surefire/maven-surefire-plugin/xsd/surefire-test-report.xsd" name="xyz.bbxc.estate.EstateBgManageApplicationTests" time="4.689" tests="1" errors="0" skipped="0" failures="0">
  <properties>
    <property name="sun.desktop" value="windows"/>
    <property name="awt.toolkit" value="sun.awt.windows.WToolkit"/>
    <property name="file.encoding.pkg" value="sun.io"/>
    <property name="java.specification.version" value="1.8"/>
    <property name="sun.cpu.isalist" value="amd64"/>
    <property name="sun.jnu.encoding" value="GBK"/>
    <property name="java.class.path" value="E:\IdeaProjects\BaoXiuAppMain\estate-bg-manage\target\test-classes;E:\IdeaProjects\BaoXiuAppMain\estate-bg-manage\target\classes;D:\apache-maven-repo\org\springframework\boot\spring-boot-starter-web\2.1.14.RELEASE\spring-boot-starter-web-2.1.14.RELEASE.jar;D:\apache-maven-repo\org\springframework\boot\spring-boot-starter\2.1.14.RELEASE\spring-boot-starter-2.1.14.RELEASE.jar;D:\apache-maven-repo\org\springframework\boot\spring-boot\2.1.14.RELEASE\spring-boot-2.1.14.RELEASE.jar;D:\apache-maven-repo\org\springframework\boot\spring-boot-autoconfigure\2.1.14.RELEASE\spring-boot-autoconfigure-2.1.14.RELEASE.jar;D:\apache-maven-repo\org\springframework\boot\spring-boot-starter-logging\2.1.14.RELEASE\spring-boot-starter-logging-2.1.14.RELEASE.jar;D:\apache-maven-repo\ch\qos\logback\logback-classic\1.2.3\logback-classic-1.2.3.jar;D:\apache-maven-repo\ch\qos\logback\logback-core\1.2.3\logback-core-1.2.3.jar;D:\apache-maven-repo\org\apache\logging\log4j\log4j-to-slf4j\2.11.2\log4j-to-slf4j-2.11.2.jar;D:\apache-maven-repo\org\apache\logging\log4j\log4j-api\2.11.2\log4j-api-2.11.2.jar;D:\apache-maven-repo\org\slf4j\jul-to-slf4j\1.7.30\jul-to-slf4j-1.7.30.jar;D:\apache-maven-repo\javax\annotation\javax.annotation-api\1.3.2\javax.annotation-api-1.3.2.jar;D:\apache-maven-repo\org\yaml\snakeyaml\1.23\snakeyaml-1.23.jar;D:\apache-maven-repo\org\springframework\boot\spring-boot-starter-json\2.1.14.RELEASE\spring-boot-starter-json-2.1.14.RELEASE.jar;D:\apache-maven-repo\com\fasterxml\jackson\core\jackson-databind\2.9.10.4\jackson-databind-2.9.10.4.jar;D:\apache-maven-repo\com\fasterxml\jackson\core\jackson-annotations\2.9.10\jackson-annotations-2.9.10.jar;D:\apache-maven-repo\com\fasterxml\jackson\core\jackson-core\2.9.10\jackson-core-2.9.10.jar;D:\apache-maven-repo\com\fasterxml\jackson\datatype\jackson-datatype-jdk8\2.9.10\jackson-datatype-jdk8-2.9.10.jar;D:\apache-maven-repo\com\fasterxml\jackson\datatype\jackson-datatype-jsr310\2.9.10\jackson-datatype-jsr310-2.9.10.jar;D:\apache-maven-repo\com\fasterxml\jackson\module\jackson-module-parameter-names\2.9.10\jackson-module-parameter-names-2.9.10.jar;D:\apache-maven-repo\org\springframework\boot\spring-boot-starter-tomcat\2.1.14.RELEASE\spring-boot-starter-tomcat-2.1.14.RELEASE.jar;D:\apache-maven-repo\org\apache\tomcat\embed\tomcat-embed-core\9.0.34\tomcat-embed-core-9.0.34.jar;D:\apache-maven-repo\org\apache\tomcat\embed\tomcat-embed-el\9.0.34\tomcat-embed-el-9.0.34.jar;D:\apache-maven-repo\org\apache\tomcat\embed\tomcat-embed-websocket\9.0.34\tomcat-embed-websocket-9.0.34.jar;D:\apache-maven-repo\org\hibernate\validator\hibernate-validator\6.0.19.Final\hibernate-validator-6.0.19.Final.jar;D:\apache-maven-repo\javax\validation\validation-api\2.0.1.Final\validation-api-2.0.1.Final.jar;D:\apache-maven-repo\org\jboss\logging\jboss-logging\3.3.3.Final\jboss-logging-3.3.3.Final.jar;D:\apache-maven-repo\com\fasterxml\classmate\1.4.0\classmate-1.4.0.jar;D:\apache-maven-repo\org\springframework\spring-web\5.1.15.RELEASE\spring-web-5.1.15.RELEASE.jar;D:\apache-maven-repo\org\springframework\spring-beans\5.1.15.RELEASE\spring-beans-5.1.15.RELEASE.jar;D:\apache-maven-repo\org\springframework\spring-webmvc\5.1.15.RELEASE\spring-webmvc-5.1.15.RELEASE.jar;D:\apache-maven-repo\org\springframework\spring-aop\5.1.15.RELEASE\spring-aop-5.1.15.RELEASE.jar;D:\apache-maven-repo\org\springframework\spring-context\5.1.15.RELEASE\spring-context-5.1.15.RELEASE.jar;D:\apache-maven-repo\org\springframework\spring-expression\5.1.15.RELEASE\spring-expression-5.1.15.RELEASE.jar;D:\apache-maven-repo\org\mybatis\spring\boot\mybatis-spring-boot-starter\2.1.4\mybatis-spring-boot-starter-2.1.4.jar;D:\apache-maven-repo\org\springframework\boot\spring-boot-starter-jdbc\2.1.14.RELEASE\spring-boot-starter-jdbc-2.1.14.RELEASE.jar;D:\apache-maven-repo\com\zaxxer\HikariCP\3.2.0\HikariCP-3.2.0.jar;D:\apache-maven-repo\org\springframework\spring-jdbc\5.1.15.RELEASE\spring-jdbc-5.1.15.RELEASE.jar;D:\apache-maven-repo\org\springframework\spring-tx\5.1.15.RELEASE\spring-tx-5.1.15.RELEASE.jar;D:\apache-maven-repo\org\mybatis\spring\boot\mybatis-spring-boot-autoconfigure\2.1.4\mybatis-spring-boot-autoconfigure-2.1.4.jar;D:\apache-maven-repo\org\mybatis\mybatis\3.5.6\mybatis-3.5.6.jar;D:\apache-maven-repo\org\mybatis\mybatis-spring\2.0.6\mybatis-spring-2.0.6.jar;D:\apache-maven-repo\tk\mybatis\mapper-spring-boot-starter\2.0.4\mapper-spring-boot-starter-2.0.4.jar;D:\apache-maven-repo\tk\mybatis\mapper-core\1.0.5\mapper-core-1.0.5.jar;D:\apache-maven-repo\javax\persistence\persistence-api\1.0\persistence-api-1.0.jar;D:\apache-maven-repo\tk\mybatis\mapper-base\1.0.5\mapper-base-1.0.5.jar;D:\apache-maven-repo\tk\mybatis\mapper-weekend\1.1.4.1\mapper-weekend-1.1.4.1.jar;D:\apache-maven-repo\tk\mybatis\mapper-spring\1.0.5\mapper-spring-1.0.5.jar;D:\apache-maven-repo\tk\mybatis\mapper-extra\1.0.5\mapper-extra-1.0.5.jar;D:\apache-maven-repo\tk\mybatis\mapper-spring-boot-autoconfigure\2.0.4\mapper-spring-boot-autoconfigure-2.0.4.jar;D:\apache-maven-repo\mysql\mysql-connector-java\8.0.20\mysql-connector-java-8.0.20.jar;D:\apache-maven-repo\net\sf\json-lib\json-lib\2.4\json-lib-2.4-jdk13.jar;D:\apache-maven-repo\commons-beanutils\commons-beanutils\1.8.0\commons-beanutils-1.8.0.jar;D:\apache-maven-repo\commons-collections\commons-collections\3.2.1\commons-collections-3.2.1.jar;D:\apache-maven-repo\commons-lang\commons-lang\2.5\commons-lang-2.5.jar;D:\apache-maven-repo\commons-logging\commons-logging\1.1.1\commons-logging-1.1.1.jar;D:\apache-maven-repo\net\sf\ezmorph\ezmorph\1.0.6\ezmorph-1.0.6.jar;D:\apache-maven-repo\com\github\pagehelper\pagehelper-spring-boot-starter\1.2.3\pagehelper-spring-boot-starter-1.2.3.jar;D:\apache-maven-repo\com\github\pagehelper\pagehelper-spring-boot-autoconfigure\1.2.3\pagehelper-spring-boot-autoconfigure-1.2.3.jar;D:\apache-maven-repo\com\github\pagehelper\pagehelper\5.1.2\pagehelper-5.1.2.jar;D:\apache-maven-repo\com\github\jsqlparser\jsqlparser\1.0\jsqlparser-1.0.jar;D:\apache-maven-repo\commons-fileupload\commons-fileupload\1.3.1\commons-fileupload-1.3.1.jar;D:\apache-maven-repo\commons-io\commons-io\2.2\commons-io-2.2.jar;D:\apache-maven-repo\com\alibaba\fastjson\1.2.28\fastjson-1.2.28.jar;D:\apache-maven-repo\org\springframework\boot\spring-boot-starter-test\2.1.14.RELEASE\spring-boot-starter-test-2.1.14.RELEASE.jar;D:\apache-maven-repo\org\springframework\boot\spring-boot-test\2.1.14.RELEASE\spring-boot-test-2.1.14.RELEASE.jar;D:\apache-maven-repo\org\springframework\boot\spring-boot-test-autoconfigure\2.1.14.RELEASE\spring-boot-test-autoconfigure-2.1.14.RELEASE.jar;D:\apache-maven-repo\com\jayway\jsonpath\json-path\2.4.0\json-path-2.4.0.jar;D:\apache-maven-repo\net\minidev\json-smart\2.3\json-smart-2.3.jar;D:\apache-maven-repo\net\minidev\accessors-smart\1.2\accessors-smart-1.2.jar;D:\apache-maven-repo\org\ow2\asm\asm\5.0.4\asm-5.0.4.jar;D:\apache-maven-repo\org\slf4j\slf4j-api\1.7.30\slf4j-api-1.7.30.jar;D:\apache-maven-repo\junit\junit\4.12\junit-4.12.jar;D:\apache-maven-repo\org\assertj\assertj-core\3.11.1\assertj-core-3.11.1.jar;D:\apache-maven-repo\org\mockito\mockito-core\2.23.4\mockito-core-2.23.4.jar;D:\apache-maven-repo\net\bytebuddy\byte-buddy\1.9.16\byte-buddy-1.9.16.jar;D:\apache-maven-repo\net\bytebuddy\byte-buddy-agent\1.9.16\byte-buddy-agent-1.9.16.jar;D:\apache-maven-repo\org\objenesis\objenesis\2.6\objenesis-2.6.jar;D:\apache-maven-repo\org\hamcrest\hamcrest-core\1.3\hamcrest-core-1.3.jar;D:\apache-maven-repo\org\hamcrest\hamcrest-library\1.3\hamcrest-library-1.3.jar;D:\apache-maven-repo\org\skyscreamer\jsonassert\1.5.0\jsonassert-1.5.0.jar;D:\apache-maven-repo\com\vaadin\external\google\android-json\0.0.20131108.vaadin1\android-json-0.0.20131108.vaadin1.jar;D:\apache-maven-repo\org\springframework\spring-core\5.1.15.RELEASE\spring-core-5.1.15.RELEASE.jar;D:\apache-maven-repo\org\springframework\spring-jcl\5.1.15.RELEASE\spring-jcl-5.1.15.RELEASE.jar;D:\apache-maven-repo\org\springframework\spring-test\5.1.15.RELEASE\spring-test-5.1.15.RELEASE.jar;D:\apache-maven-repo\org\xmlunit\xmlunit-core\2.6.4\xmlunit-core-2.6.4.jar;D:\apache-maven-repo\org\junit\jupiter\junit-jupiter\5.8.0-M1\junit-jupiter-5.8.0-M1.jar;D:\apache-maven-repo\org\junit\jupiter\junit-jupiter-api\5.3.2\junit-jupiter-api-5.3.2.jar;D:\apache-maven-repo\org\apiguardian\apiguardian-api\1.0.0\apiguardian-api-1.0.0.jar;D:\apache-maven-repo\org\opentest4j\opentest4j\1.1.1\opentest4j-1.1.1.jar;D:\apache-maven-repo\org\junit\platform\junit-platform-commons\1.3.2\junit-platform-commons-1.3.2.jar;D:\apache-maven-repo\org\junit\jupiter\junit-jupiter-params\5.3.2\junit-jupiter-params-5.3.2.jar;D:\apache-maven-repo\org\junit\jupiter\junit-jupiter-engine\5.3.2\junit-jupiter-engine-5.3.2.jar;D:\apache-maven-repo\org\junit\platform\junit-platform-engine\1.3.2\junit-platform-engine-1.3.2.jar;"/>
    <property name="java.vm.vendor" value="Oracle Corporation"/>
    <property name="sun.arch.data.model" value="64"/>
    <property name="user.variant" value=""/>
    <property name="java.vendor.url" value="http://java.oracle.com/"/>
    <property name="user.timezone" value="Asia/Shanghai"/>
    <property name="java.vm.specification.version" value="1.8"/>
    <property name="os.name" value="Windows 10"/>
    <property name="user.country" value="CN"/>
    <property name="sun.java.launcher" value="SUN_STANDARD"/>
    <property name="sun.boot.library.path" value="D:\Java\jdk1.8.0_271\jre\bin"/>
    <property name="sun.java.command" value="C:\Users\cjw71\AppData\Local\Temp\surefire269681579465481016\surefirebooter8038159291929041555.jar C:\Users\cjw71\AppData\Local\Temp\surefire269681579465481016 2021-05-05T22-54-11_875-jvmRun1 surefire3891582141227923517tmp surefire_05259667288247118920tmp"/>
    <property name="surefire.test.class.path" value="E:\IdeaProjects\BaoXiuAppMain\estate-bg-manage\target\test-classes;E:\IdeaProjects\BaoXiuAppMain\estate-bg-manage\target\classes;D:\apache-maven-repo\org\springframework\boot\spring-boot-starter-web\2.1.14.RELEASE\spring-boot-starter-web-2.1.14.RELEASE.jar;D:\apache-maven-repo\org\springframework\boot\spring-boot-starter\2.1.14.RELEASE\spring-boot-starter-2.1.14.RELEASE.jar;D:\apache-maven-repo\org\springframework\boot\spring-boot\2.1.14.RELEASE\spring-boot-2.1.14.RELEASE.jar;D:\apache-maven-repo\org\springframework\boot\spring-boot-autoconfigure\2.1.14.RELEASE\spring-boot-autoconfigure-2.1.14.RELEASE.jar;D:\apache-maven-repo\org\springframework\boot\spring-boot-starter-logging\2.1.14.RELEASE\spring-boot-starter-logging-2.1.14.RELEASE.jar;D:\apache-maven-repo\ch\qos\logback\logback-classic\1.2.3\logback-classic-1.2.3.jar;D:\apache-maven-repo\ch\qos\logback\logback-core\1.2.3\logback-core-1.2.3.jar;D:\apache-maven-repo\org\apache\logging\log4j\log4j-to-slf4j\2.11.2\log4j-to-slf4j-2.11.2.jar;D:\apache-maven-repo\org\apache\logging\log4j\log4j-api\2.11.2\log4j-api-2.11.2.jar;D:\apache-maven-repo\org\slf4j\jul-to-slf4j\1.7.30\jul-to-slf4j-1.7.30.jar;D:\apache-maven-repo\javax\annotation\javax.annotation-api\1.3.2\javax.annotation-api-1.3.2.jar;D:\apache-maven-repo\org\yaml\snakeyaml\1.23\snakeyaml-1.23.jar;D:\apache-maven-repo\org\springframework\boot\spring-boot-starter-json\2.1.14.RELEASE\spring-boot-starter-json-2.1.14.RELEASE.jar;D:\apache-maven-repo\com\fasterxml\jackson\core\jackson-databind\2.9.10.4\jackson-databind-2.9.10.4.jar;D:\apache-maven-repo\com\fasterxml\jackson\core\jackson-annotations\2.9.10\jackson-annotations-2.9.10.jar;D:\apache-maven-repo\com\fasterxml\jackson\core\jackson-core\2.9.10\jackson-core-2.9.10.jar;D:\apache-maven-repo\com\fasterxml\jackson\datatype\jackson-datatype-jdk8\2.9.10\jackson-datatype-jdk8-2.9.10.jar;D:\apache-maven-repo\com\fasterxml\jackson\datatype\jackson-datatype-jsr310\2.9.10\jackson-datatype-jsr310-2.9.10.jar;D:\apache-maven-repo\com\fasterxml\jackson\module\jackson-module-parameter-names\2.9.10\jackson-module-parameter-names-2.9.10.jar;D:\apache-maven-repo\org\springframework\boot\spring-boot-starter-tomcat\2.1.14.RELEASE\spring-boot-starter-tomcat-2.1.14.RELEASE.jar;D:\apache-maven-repo\org\apache\tomcat\embed\tomcat-embed-core\9.0.34\tomcat-embed-core-9.0.34.jar;D:\apache-maven-repo\org\apache\tomcat\embed\tomcat-embed-el\9.0.34\tomcat-embed-el-9.0.34.jar;D:\apache-maven-repo\org\apache\tomcat\embed\tomcat-embed-websocket\9.0.34\tomcat-embed-websocket-9.0.34.jar;D:\apache-maven-repo\org\hibernate\validator\hibernate-validator\6.0.19.Final\hibernate-validator-6.0.19.Final.jar;D:\apache-maven-repo\javax\validation\validation-api\2.0.1.Final\validation-api-2.0.1.Final.jar;D:\apache-maven-repo\org\jboss\logging\jboss-logging\3.3.3.Final\jboss-logging-3.3.3.Final.jar;D:\apache-maven-repo\com\fasterxml\classmate\1.4.0\classmate-1.4.0.jar;D:\apache-maven-repo\org\springframework\spring-web\5.1.15.RELEASE\spring-web-5.1.15.RELEASE.jar;D:\apache-maven-repo\org\springframework\spring-beans\5.1.15.RELEASE\spring-beans-5.1.15.RELEASE.jar;D:\apache-maven-repo\org\springframework\spring-webmvc\5.1.15.RELEASE\spring-webmvc-5.1.15.RELEASE.jar;D:\apache-maven-repo\org\springframework\spring-aop\5.1.15.RELEASE\spring-aop-5.1.15.RELEASE.jar;D:\apache-maven-repo\org\springframework\spring-context\5.1.15.RELEASE\spring-context-5.1.15.RELEASE.jar;D:\apache-maven-repo\org\springframework\spring-expression\5.1.15.RELEASE\spring-expression-5.1.15.RELEASE.jar;D:\apache-maven-repo\org\mybatis\spring\boot\mybatis-spring-boot-starter\2.1.4\mybatis-spring-boot-starter-2.1.4.jar;D:\apache-maven-repo\org\springframework\boot\spring-boot-starter-jdbc\2.1.14.RELEASE\spring-boot-starter-jdbc-2.1.14.RELEASE.jar;D:\apache-maven-repo\com\zaxxer\HikariCP\3.2.0\HikariCP-3.2.0.jar;D:\apache-maven-repo\org\springframework\spring-jdbc\5.1.15.RELEASE\spring-jdbc-5.1.15.RELEASE.jar;D:\apache-maven-repo\org\springframework\spring-tx\5.1.15.RELEASE\spring-tx-5.1.15.RELEASE.jar;D:\apache-maven-repo\org\mybatis\spring\boot\mybatis-spring-boot-autoconfigure\2.1.4\mybatis-spring-boot-autoconfigure-2.1.4.jar;D:\apache-maven-repo\org\mybatis\mybatis\3.5.6\mybatis-3.5.6.jar;D:\apache-maven-repo\org\mybatis\mybatis-spring\2.0.6\mybatis-spring-2.0.6.jar;D:\apache-maven-repo\tk\mybatis\mapper-spring-boot-starter\2.0.4\mapper-spring-boot-starter-2.0.4.jar;D:\apache-maven-repo\tk\mybatis\mapper-core\1.0.5\mapper-core-1.0.5.jar;D:\apache-maven-repo\javax\persistence\persistence-api\1.0\persistence-api-1.0.jar;D:\apache-maven-repo\tk\mybatis\mapper-base\1.0.5\mapper-base-1.0.5.jar;D:\apache-maven-repo\tk\mybatis\mapper-weekend\1.1.4.1\mapper-weekend-1.1.4.1.jar;D:\apache-maven-repo\tk\mybatis\mapper-spring\1.0.5\mapper-spring-1.0.5.jar;D:\apache-maven-repo\tk\mybatis\mapper-extra\1.0.5\mapper-extra-1.0.5.jar;D:\apache-maven-repo\tk\mybatis\mapper-spring-boot-autoconfigure\2.0.4\mapper-spring-boot-autoconfigure-2.0.4.jar;D:\apache-maven-repo\mysql\mysql-connector-java\8.0.20\mysql-connector-java-8.0.20.jar;D:\apache-maven-repo\net\sf\json-lib\json-lib\2.4\json-lib-2.4-jdk13.jar;D:\apache-maven-repo\commons-beanutils\commons-beanutils\1.8.0\commons-beanutils-1.8.0.jar;D:\apache-maven-repo\commons-collections\commons-collections\3.2.1\commons-collections-3.2.1.jar;D:\apache-maven-repo\commons-lang\commons-lang\2.5\commons-lang-2.5.jar;D:\apache-maven-repo\commons-logging\commons-logging\1.1.1\commons-logging-1.1.1.jar;D:\apache-maven-repo\net\sf\ezmorph\ezmorph\1.0.6\ezmorph-1.0.6.jar;D:\apache-maven-repo\com\github\pagehelper\pagehelper-spring-boot-starter\1.2.3\pagehelper-spring-boot-starter-1.2.3.jar;D:\apache-maven-repo\com\github\pagehelper\pagehelper-spring-boot-autoconfigure\1.2.3\pagehelper-spring-boot-autoconfigure-1.2.3.jar;D:\apache-maven-repo\com\github\pagehelper\pagehelper\5.1.2\pagehelper-5.1.2.jar;D:\apache-maven-repo\com\github\jsqlparser\jsqlparser\1.0\jsqlparser-1.0.jar;D:\apache-maven-repo\commons-fileupload\commons-fileupload\1.3.1\commons-fileupload-1.3.1.jar;D:\apache-maven-repo\commons-io\commons-io\2.2\commons-io-2.2.jar;D:\apache-maven-repo\com\alibaba\fastjson\1.2.28\fastjson-1.2.28.jar;D:\apache-maven-repo\org\springframework\boot\spring-boot-starter-test\2.1.14.RELEASE\spring-boot-starter-test-2.1.14.RELEASE.jar;D:\apache-maven-repo\org\springframework\boot\spring-boot-test\2.1.14.RELEASE\spring-boot-test-2.1.14.RELEASE.jar;D:\apache-maven-repo\org\springframework\boot\spring-boot-test-autoconfigure\2.1.14.RELEASE\spring-boot-test-autoconfigure-2.1.14.RELEASE.jar;D:\apache-maven-repo\com\jayway\jsonpath\json-path\2.4.0\json-path-2.4.0.jar;D:\apache-maven-repo\net\minidev\json-smart\2.3\json-smart-2.3.jar;D:\apache-maven-repo\net\minidev\accessors-smart\1.2\accessors-smart-1.2.jar;D:\apache-maven-repo\org\ow2\asm\asm\5.0.4\asm-5.0.4.jar;D:\apache-maven-repo\org\slf4j\slf4j-api\1.7.30\slf4j-api-1.7.30.jar;D:\apache-maven-repo\junit\junit\4.12\junit-4.12.jar;D:\apache-maven-repo\org\assertj\assertj-core\3.11.1\assertj-core-3.11.1.jar;D:\apache-maven-repo\org\mockito\mockito-core\2.23.4\mockito-core-2.23.4.jar;D:\apache-maven-repo\net\bytebuddy\byte-buddy\1.9.16\byte-buddy-1.9.16.jar;D:\apache-maven-repo\net\bytebuddy\byte-buddy-agent\1.9.16\byte-buddy-agent-1.9.16.jar;D:\apache-maven-repo\org\objenesis\objenesis\2.6\objenesis-2.6.jar;D:\apache-maven-repo\org\hamcrest\hamcrest-core\1.3\hamcrest-core-1.3.jar;D:\apache-maven-repo\org\hamcrest\hamcrest-library\1.3\hamcrest-library-1.3.jar;D:\apache-maven-repo\org\skyscreamer\jsonassert\1.5.0\jsonassert-1.5.0.jar;D:\apache-maven-repo\com\vaadin\external\google\android-json\0.0.20131108.vaadin1\android-json-0.0.20131108.vaadin1.jar;D:\apache-maven-repo\org\springframework\spring-core\5.1.15.RELEASE\spring-core-5.1.15.RELEASE.jar;D:\apache-maven-repo\org\springframework\spring-jcl\5.1.15.RELEASE\spring-jcl-5.1.15.RELEASE.jar;D:\apache-maven-repo\org\springframework\spring-test\5.1.15.RELEASE\spring-test-5.1.15.RELEASE.jar;D:\apache-maven-repo\org\xmlunit\xmlunit-core\2.6.4\xmlunit-core-2.6.4.jar;D:\apache-maven-repo\org\junit\jupiter\junit-jupiter\5.8.0-M1\junit-jupiter-5.8.0-M1.jar;D:\apache-maven-repo\org\junit\jupiter\junit-jupiter-api\5.3.2\junit-jupiter-api-5.3.2.jar;D:\apache-maven-repo\org\apiguardian\apiguardian-api\1.0.0\apiguardian-api-1.0.0.jar;D:\apache-maven-repo\org\opentest4j\opentest4j\1.1.1\opentest4j-1.1.1.jar;D:\apache-maven-repo\org\junit\platform\junit-platform-commons\1.3.2\junit-platform-commons-1.3.2.jar;D:\apache-maven-repo\org\junit\jupiter\junit-jupiter-params\5.3.2\junit-jupiter-params-5.3.2.jar;D:\apache-maven-repo\org\junit\jupiter\junit-jupiter-engine\5.3.2\junit-jupiter-engine-5.3.2.jar;D:\apache-maven-repo\org\junit\platform\junit-platform-engine\1.3.2\junit-platform-engine-1.3.2.jar;"/>
    <property name="sun.cpu.endian" value="little"/>
    <property name="user.home" value="C:\Users\cjw71"/>
    <property name="user.language" value="zh"/>
    <property name="java.specification.vendor" value="Oracle Corporation"/>
    <property name="java.home" value="D:\Java\jdk1.8.0_271\jre"/>
    <property name="basedir" value="E:\IdeaProjects\BaoXiuAppMain\estate-bg-manage"/>
    <property name="file.separator" value="\"/>
    <property name="line.separator" value="&#10;"/>
    <property name="java.vm.specification.vendor" value="Oracle Corporation"/>
    <property name="java.specification.name" value="Java Platform API Specification"/>
    <property name="java.awt.graphicsenv" value="sun.awt.Win32GraphicsEnvironment"/>
    <property name="surefire.real.class.path" value="C:\Users\cjw71\AppData\Local\Temp\surefire269681579465481016\surefirebooter8038159291929041555.jar"/>
    <property name="sun.boot.class.path" value="D:\Java\jdk1.8.0_271\jre\lib\resources.jar;D:\Java\jdk1.8.0_271\jre\lib\rt.jar;D:\Java\jdk1.8.0_271\jre\lib\sunrsasign.jar;D:\Java\jdk1.8.0_271\jre\lib\jsse.jar;D:\Java\jdk1.8.0_271\jre\lib\jce.jar;D:\Java\jdk1.8.0_271\jre\lib\charsets.jar;D:\Java\jdk1.8.0_271\jre\lib\jfr.jar;D:\Java\jdk1.8.0_271\jre\classes"/>
    <property name="user.script" value=""/>
    <property name="sun.management.compiler" value="HotSpot 64-Bit Tiered Compilers"/>
    <property name="java.runtime.version" value="1.8.0_271-b09"/>
    <property name="user.name" value="cjw71"/>
    <property name="path.separator" value=";"/>
    <property name="os.version" value="10.0"/>
    <property name="java.endorsed.dirs" value="D:\Java\jdk1.8.0_271\jre\lib\endorsed"/>
    <property name="java.runtime.name" value="Java(TM) SE Runtime Environment"/>
    <property name="file.encoding" value="GBK"/>
    <property name="java.vm.name" value="Java HotSpot(TM) 64-Bit Server VM"/>
    <property name="localRepository" value="D:\apache-maven-repo"/>
    <property name="java.vendor.url.bug" value="http://bugreport.sun.com/bugreport/"/>
    <property name="java.io.tmpdir" value="C:\Users\cjw71\AppData\Local\Temp\"/>
    <property name="idea.version" value="2021.1"/>
    <property name="java.version" value="1.8.0_271"/>
    <property name="user.dir" value="E:\IdeaProjects\BaoXiuAppMain\estate-bg-manage"/>
    <property name="os.arch" value="amd64"/>
    <property name="java.vm.specification.name" value="Java Virtual Machine Specification"/>
    <property name="java.awt.printerjob" value="sun.awt.windows.WPrinterJob"/>
    <property name="sun.os.patch.level" value=""/>
    <property name="java.library.path" value="D:\Java\jdk1.8.0_271\jre\bin;C:\WINDOWS\Sun\Java\bin;C:\WINDOWS\system32;C:\WINDOWS;D:\VMware\VMware Workstation\bin\;C:\Program Files (x86)\Common Files\Oracle\Java\javapath;C:\WINDOWS\system32;C:\WINDOWS;C:\WINDOWS\System32\Wbem;C:\WINDOWS\System32\WindowsPowerShell\v1.0\;C:\WINDOWS\System32\OpenSSH\;D:\NetSarang\Xshell 7\;D:\NetSarang\Xftp 7\;D:\apache-maven-3.6.3\bin\;D:\Java\jdk1.8.0_271\bin;D:\Git\cmd;D:\nodejs\;E:\flutter\bin;D:\Android\Sdk\\platform-tools;D:\Nox\bin;D:\Python\Python39\Scripts\;D:\Python\Python39\;C:\Users\cjw71\AppData\Local\Microsoft\WindowsApps;;D:\JetBrains\IntelliJ IDEA 2020.3.1\bin;;D:\JetBrains\PyCharm 2020.3.2\bin;;D:\Microsoft VS Code\bin;C:\Users\cjw71\AppData\Roaming\npm;."/>
    <property name="java.vm.info" value="mixed mode"/>
    <property name="java.vendor" value="Oracle Corporation"/>
    <property name="java.vm.version" value="25.271-b09"/>
    <property name="java.ext.dirs" value="D:\Java\jdk1.8.0_271\jre\lib\ext;C:\WINDOWS\Sun\Java\lib\ext"/>
    <property name="sun.io.unicode.encoding" value="UnicodeLittle"/>
    <property name="java.class.version" value="52.0"/>
  </properties>
  <testcase name="contextLoads" classname="xyz.bbxc.estate.EstateBgManageApplicationTests" time="0.321"/>
</testsuite>